<?xml version="1.0" encoding="UTF-8"?>
<!-- Generated by org.testng.reporters.JUnitReportReporter -->
<testsuite hostname="Maginthans-MacBook-Pro.local" failures="0" tests="1" name="test.HomePageTopTitlesTest" time="6.205" errors="0" timestamp="2024-03-27T00:53:05 IST" skipped="0">
  <testcase classname="test.HomePageTopTitlesTest" name="TC_006_HomePageTopTitlesTest" time="6.205"/>
</testsuite> <!-- test.HomePageTopTitlesTest -->
