<?xml version="1.0" encoding="UTF-8"?>
<!-- Generated by org.testng.reporters.JUnitReportReporter -->
<testsuite hostname="Maginthans-MacBook-Pro.local" failures="0" tests="1" name="test.BrokenURLValidationTest" time="8.225" errors="0" timestamp="2024-03-27T00:53:05 IST" skipped="0">
  <testcase classname="test.BrokenURLValidationTest" name="TC_001_URLValidation" time="8.225"/>
</testsuite> <!-- test.BrokenURLValidationTest -->
