<?xml version="1.0" encoding="UTF-8"?>
<!-- Generated by org.testng.reporters.JUnitReportReporter -->
<testsuite hostname="Maginthans-MacBook-Pro.local" failures="0" tests="1" name="test.HomePageMiddleTitlesTest" time="6.341" errors="0" timestamp="2024-03-27T00:53:05 IST" skipped="0">
  <testcase classname="test.HomePageMiddleTitlesTest" name="TC_002_HomePageMiddleTitlesTest" time="6.341"/>
</testsuite> <!-- test.HomePageMiddleTitlesTest -->
