<?xml version="1.0" encoding="UTF-8"?>
<!-- Generated by org.testng.reporters.JUnitReportReporter -->
<testsuite hostname="Maginthans-MacBook-Pro.local" failures="0" tests="1" name="test.SignInTestPositive" time="9.676" errors="0" timestamp="2024-03-26T21:29:18 IST" skipped="0">
  <testcase classname="test.SignInTestPositive" name="TC_007_SignInTest_Positive" time="9.676"/>
</testsuite> <!-- test.SignInTestPositive -->
