<?xml version="1.0" encoding="UTF-8"?>
<!-- Generated by org.testng.reporters.JUnitReportReporter -->
<testsuite hostname="Maginthans-MacBook-Pro.local" failures="0" tests="1" name="test.HomePageTopTitlesTest" time="6.571" errors="0" timestamp="2024-03-26T21:29:18 IST" skipped="0">
  <testcase classname="test.HomePageTopTitlesTest" name="TC_006_HomePageTopTitlesTest" time="6.571"/>
</testsuite> <!-- test.HomePageTopTitlesTest -->
