<?xml version="1.0" encoding="UTF-8"?>
<!-- Generated by org.testng.reporters.JUnitReportReporter -->
<testsuite hostname="Maginthans-MacBook-Pro.local" failures="0" tests="1" name="test.OneWayTest" time="29.702" errors="0" timestamp="2024-03-27T00:53:05 IST" skipped="0">
  <testcase classname="test.OneWayTest" name="TC_003_OneWayTest" time="29.702"/>
</testsuite> <!-- test.OneWayTest -->
