<?xml version="1.0" encoding="UTF-8"?>
<!-- Generated by org.testng.reporters.JUnitReportReporter -->
<testsuite hostname="Maginthans-MacBook-Pro.local" failures="0" tests="1" name="test.BrokenURLValidationTest" time="6.943" errors="0" timestamp="2024-03-26T21:29:18 IST" skipped="0">
  <testcase classname="test.BrokenURLValidationTest" name="TC_001_URLValidation" time="6.943"/>
</testsuite> <!-- test.BrokenURLValidationTest -->
