<?xml version="1.0" encoding="UTF-8"?>
<!-- Generated by org.testng.reporters.JUnitReportReporter -->
<testsuite hostname="Maginthans-MacBook-Pro.local" failures="0" tests="7" name="test.LoginTest" time="62.504" errors="0" timestamp="2024-03-26T21:29:18 IST" skipped="0">
  <testcase classname="test.LoginTest" name="TC_005_LoginTest" time="9.269"/>
  <testcase classname="test.LoginTest" name="TC_005_LoginTest" time="7.484"/>
  <testcase classname="test.LoginTest" name="TC_005_LoginTest" time="8.193"/>
  <testcase classname="test.LoginTest" name="TC_005_LoginTest" time="7.339"/>
  <testcase classname="test.LoginTest" name="TC_005_LoginTest" time="9.344"/>
  <testcase classname="test.LoginTest" name="TC_005_LoginTest" time="9.304"/>
  <testcase classname="test.LoginTest" name="TC_005_LoginTest" time="11.571"/>
</testsuite> <!-- test.LoginTest -->
