<?xml version="1.0" encoding="UTF-8"?>
<!-- Generated by org.testng.reporters.JUnitReportReporter -->
<testsuite hostname="Maginthans-MacBook-Pro.local" failures="0" tests="1" name="test.SignInTestNegative" time="9.655" errors="0" timestamp="2024-03-26T21:29:18 IST" skipped="0">
  <testcase classname="test.SignInTestNegative" name="TC_008_SignInTest_Negative" time="9.655"/>
</testsuite> <!-- test.SignInTestNegative -->
