<?xml version="1.0" encoding="UTF-8"?>
<!-- Generated by org.testng.reporters.JUnitReportReporter -->
<testsuite hostname="Maginthans-MacBook-Pro.local" failures="0" tests="1" name="test.SignInTest" time="13.217" errors="0" timestamp="2024-03-26T15:13:19 IST" skipped="0">
  <testcase classname="test.SignInTest" name="TC_007_SignInTest" time="13.217"/>
</testsuite> <!-- test.SignInTest -->
