<?xml version="1.0" encoding="UTF-8"?>
<!-- Generated by org.testng.reporters.JUnitReportReporter -->
<testsuite hostname="Maginthans-MacBook-Pro.local" failures="0" tests="7" name="test.LoginTest" time="66.206" errors="0" timestamp="2024-03-27T00:53:05 IST" skipped="0">
  <testcase classname="test.LoginTest" name="TC_005_LoginTest" time="7.492"/>
  <testcase classname="test.LoginTest" name="TC_005_LoginTest" time="8.314"/>
  <testcase classname="test.LoginTest" name="TC_005_LoginTest" time="7.279"/>
  <testcase classname="test.LoginTest" name="TC_005_LoginTest" time="9.053"/>
  <testcase classname="test.LoginTest" name="TC_005_LoginTest" time="9.655"/>
  <testcase classname="test.LoginTest" name="TC_005_LoginTest" time="8.986"/>
  <testcase classname="test.LoginTest" name="TC_005_LoginTest" time="15.427"/>
</testsuite> <!-- test.LoginTest -->
