<?xml version="1.0" encoding="UTF-8"?>
<!-- Generated by org.testng.reporters.JUnitReportReporter -->
<testsuite hostname="Maginthans-MacBook-Pro.local" failures="0" tests="1" name="test.HomePageMiddleTitlesTest" time="6.749" errors="0" timestamp="2024-03-26T21:29:18 IST" skipped="0">
  <testcase classname="test.HomePageMiddleTitlesTest" name="TC_002_HomePageMiddleTitlesTest" time="6.749"/>
</testsuite> <!-- test.HomePageMiddleTitlesTest -->
