<?xml version="1.0" encoding="UTF-8"?>
<!-- Generated by org.testng.reporters.JUnitReportReporter -->
<testsuite hostname="Maginthans-MacBook-Pro.local" failures="0" tests="1" name="test.HomePageMiddleTitlesTest" time="7.452" errors="0" timestamp="2024-03-26T17:36:16 IST" skipped="0">
  <testcase classname="test.HomePageMiddleTitlesTest" name="TC_002_HomePageMiddleTitlesTest" time="7.452"/>
</testsuite> <!-- test.HomePageMiddleTitlesTest -->
