<?xml version="1.0" encoding="UTF-8"?>
<!-- Generated by org.testng.reporters.JUnitReportReporter -->
<testsuite hostname="Maginthans-MacBook-Pro.local" failures="0" tests="1" name="test.SignInTestPositive" time="13.441" errors="0" timestamp="2024-03-26T17:36:16 IST" skipped="0">
  <testcase classname="test.SignInTestPositive" name="TC_007_SignInTest_Positive" time="13.441"/>
</testsuite> <!-- test.SignInTestPositive -->
