<?xml version="1.0" encoding="UTF-8"?>
<!-- Generated by org.testng.reporters.JUnitReportReporter -->
<testsuite hostname="Maginthans-MacBook-Pro.local" failures="0" tests="1" name="test.RoundTripTest" time="34.612" errors="0" timestamp="2024-03-26T17:36:16 IST" skipped="0">
  <testcase classname="test.RoundTripTest" name="TC_004_RoundTripTest" time="34.612"/>
</testsuite> <!-- test.RoundTripTest -->
