<?xml version="1.0" encoding="UTF-8"?>
<!-- Generated by org.testng.reporters.JUnitReportReporter -->
<testsuite hostname="Maginthans-MacBook-Pro.local" failures="0" tests="2" name="test.BrokenURLValidationTest" time="16.527" errors="0" timestamp="2024-03-26T17:36:16 IST" skipped="0">
  <testcase classname="test.BrokenURLValidationTest" name="TC_001_URLValidation" time="8.260"/>
  <testcase classname="test.BrokenURLValidationTest" name="TC_001_URLValidation" time="8.267"/>
</testsuite> <!-- test.BrokenURLValidationTest -->
