<?xml version="1.0" encoding="UTF-8"?>
<!-- Generated by org.testng.reporters.JUnitReportReporter -->
<testsuite hostname="Maginthans-MacBook-Pro.local" failures="0" tests="7" name="test.LoginTest" time="74.830" errors="0" timestamp="2024-03-26T17:36:16 IST" skipped="0">
  <testcase classname="test.LoginTest" name="TC_005_LoginTest" time="11.507"/>
  <testcase classname="test.LoginTest" name="TC_005_LoginTest" time="8.491"/>
  <testcase classname="test.LoginTest" name="TC_005_LoginTest" time="12.527"/>
  <testcase classname="test.LoginTest" name="TC_005_LoginTest" time="9.587"/>
  <testcase classname="test.LoginTest" name="TC_005_LoginTest" time="10.904"/>
  <testcase classname="test.LoginTest" name="TC_005_LoginTest" time="10.195"/>
  <testcase classname="test.LoginTest" name="TC_005_LoginTest" time="11.619"/>
</testsuite> <!-- test.LoginTest -->
